============================= test session starts ==============================
platform darwin -- Python 3.14.3, pytest-9.0.3, pluggy-1.6.0
rootdir: /Users/tahabsn/Documents/GitHub/pitwall
plugins: jaxtyping-0.3.9, anyio-4.13.0
collected 424 items

tests/features/coaching/test_adk.py ...................................  [  8%]
tests/features/coaching/test_api_coaching.py ..............              [ 11%]
tests/features/coaching/test_coach_engine.py ........................... [ 17%]
......................................                                   [ 26%]
tests/features/coaching/test_coach_engine_litert.py ........             [ 28%]
tests/features/coaching/test_litert_lm_model.py ........................ [ 34%]
.......                                                                  [ 36%]
tests/features/session/test_analytics.py ............................    [ 42%]
tests/features/session/test_api_session.py FFF...F...................... [ 49%]
......................                                                   [ 54%]
tests/features/session/test_corner_grader.py .............               [ 57%]
tests/features/session/test_driver_profile.py ..........                 [ 60%]
tests/features/session/test_highlight_finder.py ........                 [ 62%]
tests/features/session/test_session_analyzer.py ............             [ 64%]
tests/features/session/test_vbo_parser.py ......                         [ 66%]
tests/features/telemetry/test_api_signals.py ........................... [ 72%]
.....................                                                    [ 77%]
tests/features/telemetry/test_can_pipeline.py .........                  [ 79%]
tests/features/test_api_core.py .....                                    [ 80%]
tests/features/track/test_api_track.py ....                              [ 81%]
tests/features/track/test_gold_standard.py .....                         [ 83%]
tests/features/track/test_sonoma.py ..................                   [ 87%]
tests/features/track/test_track_loader.py ....................           [ 91%]
tests/test_dead_reckoning.py .............                               [ 95%]
tests/test_tools.py .....................                                [100%]

=================================== FAILURES ===================================
________________________ test_session_start_returns_id _________________________
tests/features/session/test_api_session.py:12: in test_session_start_returns_id
    r = client.post("/session/start", json={"driver": "Taha", "track": "Sonoma Raceway"})
        ^^^^^^^^^^^^^^^^^^^^^^^^^^^^^^^^^^^^^^^^^^^^^^^^^^^^^^^^^^^^^^^^^^^^^^^^^^^^^^^^^
../../../.pixi/envs/python/lib/python3.14/site-packages/werkzeug/test.py:1167: in post
    return self.open(*args, **kw)
           ^^^^^^^^^^^^^^^^^^^^^^
../../../.pixi/envs/python/lib/python3.14/site-packages/flask/testing.py:235: in open
    response = super().open(
../../../.pixi/envs/python/lib/python3.14/site-packages/werkzeug/test.py:1116: in open
    response_parts = self.run_wsgi_app(request.environ, buffered=buffered)
                     ^^^^^^^^^^^^^^^^^^^^^^^^^^^^^^^^^^^^^^^^^^^^^^^^^^^^^
../../../.pixi/envs/python/lib/python3.14/site-packages/werkzeug/test.py:988: in run_wsgi_app
    rv = run_wsgi_app(self.application, environ, buffered=buffered)
         ^^^^^^^^^^^^^^^^^^^^^^^^^^^^^^^^^^^^^^^^^^^^^^^^^^^^^^^^^^
../../../.pixi/envs/python/lib/python3.14/site-packages/werkzeug/test.py:1264: in run_wsgi_app
    app_rv = app(environ, start_response)
             ^^^^^^^^^^^^^^^^^^^^^^^^^^^^
../../../.pixi/envs/python/lib/python3.14/site-packages/flask/app.py:1536: in __call__
    return self.wsgi_app(environ, start_response)
           ^^^^^^^^^^^^^^^^^^^^^^^^^^^^^^^^^^^^^^
../../../.pixi/envs/python/lib/python3.14/site-packages/flask/app.py:1514: in wsgi_app
    response = self.handle_exception(e)
               ^^^^^^^^^^^^^^^^^^^^^^^^
../../../.pixi/envs/python/lib/python3.14/site-packages/flask_cors/extension.py:176: in wrapped_function
    return cors_after_request(app.make_response(f(*args, **kwargs)))
                                                ^^^^^^^^^^^^^^^^^^
../../../.pixi/envs/python/lib/python3.14/site-packages/flask/app.py:1511: in wsgi_app
    response = self.full_dispatch_request()
               ^^^^^^^^^^^^^^^^^^^^^^^^^^^^
../../../.pixi/envs/python/lib/python3.14/site-packages/flask/app.py:919: in full_dispatch_request
    rv = self.handle_user_exception(e)
         ^^^^^^^^^^^^^^^^^^^^^^^^^^^^^
../../../.pixi/envs/python/lib/python3.14/site-packages/flask_cors/extension.py:176: in wrapped_function
    return cors_after_request(app.make_response(f(*args, **kwargs)))
                                                ^^^^^^^^^^^^^^^^^^
../../../.pixi/envs/python/lib/python3.14/site-packages/flask/app.py:917: in full_dispatch_request
    rv = self.dispatch_request()
         ^^^^^^^^^^^^^^^^^^^^^^^
../../../.pixi/envs/python/lib/python3.14/site-packages/flask/app.py:902: in dispatch_request
    return self.ensure_sync(self.view_functions[rule.endpoint])(**view_args)  # type: ignore[no-any-return]
           ^^^^^^^^^^^^^^^^^^^^^^^^^^^^^^^^^^^^^^^^^^^^^^^^^^^^^^^^^^^^^^^^^
src/pitwall/features/session/bp_session.py:366: in session_start
    state.reset_adk_session(driver_id)
E   TypeError: 'NoneType' object is not callable
_____________________ test_session_start_accepts_custom_id _____________________
tests/features/session/test_api_session.py:20: in test_session_start_accepts_custom_id
    r = client.post("/session/start", json={"session_id": "my-test-session", "driver": "x"})
        ^^^^^^^^^^^^^^^^^^^^^^^^^^^^^^^^^^^^^^^^^^^^^^^^^^^^^^^^^^^^^^^^^^^^^^^^^^^^^^^^^^^^
../../../.pixi/envs/python/lib/python3.14/site-packages/werkzeug/test.py:1167: in post
    return self.open(*args, **kw)
           ^^^^^^^^^^^^^^^^^^^^^^
../../../.pixi/envs/python/lib/python3.14/site-packages/flask/testing.py:235: in open
    response = super().open(
../../../.pixi/envs/python/lib/python3.14/site-packages/werkzeug/test.py:1116: in open
    response_parts = self.run_wsgi_app(request.environ, buffered=buffered)
                     ^^^^^^^^^^^^^^^^^^^^^^^^^^^^^^^^^^^^^^^^^^^^^^^^^^^^^
../../../.pixi/envs/python/lib/python3.14/site-packages/werkzeug/test.py:988: in run_wsgi_app
    rv = run_wsgi_app(self.application, environ, buffered=buffered)
         ^^^^^^^^^^^^^^^^^^^^^^^^^^^^^^^^^^^^^^^^^^^^^^^^^^^^^^^^^^
../../../.pixi/envs/python/lib/python3.14/site-packages/werkzeug/test.py:1264: in run_wsgi_app
    app_rv = app(environ, start_response)
             ^^^^^^^^^^^^^^^^^^^^^^^^^^^^
../../../.pixi/envs/python/lib/python3.14/site-packages/flask/app.py:1536: in __call__
    return self.wsgi_app(environ, start_response)
           ^^^^^^^^^^^^^^^^^^^^^^^^^^^^^^^^^^^^^^
../../../.pixi/envs/python/lib/python3.14/site-packages/flask/app.py:1514: in wsgi_app
    response = self.handle_exception(e)
               ^^^^^^^^^^^^^^^^^^^^^^^^
../../../.pixi/envs/python/lib/python3.14/site-packages/flask_cors/extension.py:176: in wrapped_function
    return cors_after_request(app.make_response(f(*args, **kwargs)))
                                                ^^^^^^^^^^^^^^^^^^
../../../.pixi/envs/python/lib/python3.14/site-packages/flask/app.py:1511: in wsgi_app
    response = self.full_dispatch_request()
               ^^^^^^^^^^^^^^^^^^^^^^^^^^^^
../../../.pixi/envs/python/lib/python3.14/site-packages/flask/app.py:919: in full_dispatch_request
    rv = self.handle_user_exception(e)
         ^^^^^^^^^^^^^^^^^^^^^^^^^^^^^
../../../.pixi/envs/python/lib/python3.14/site-packages/flask_cors/extension.py:176: in wrapped_function
    return cors_after_request(app.make_response(f(*args, **kwargs)))
                                                ^^^^^^^^^^^^^^^^^^
../../../.pixi/envs/python/lib/python3.14/site-packages/flask/app.py:917: in full_dispatch_request
    rv = self.dispatch_request()
         ^^^^^^^^^^^^^^^^^^^^^^^
../../../.pixi/envs/python/lib/python3.14/site-packages/flask/app.py:902: in dispatch_request
    return self.ensure_sync(self.view_functions[rule.endpoint])(**view_args)  # type: ignore[no-any-return]
           ^^^^^^^^^^^^^^^^^^^^^^^^^^^^^^^^^^^^^^^^^^^^^^^^^^^^^^^^^^^^^^^^^
src/pitwall/features/session/bp_session.py:366: in session_start
    state.reset_adk_session(driver_id)
E   TypeError: 'NoneType' object is not callable
___________________ test_sessions_list_includes_new_session ____________________
tests/features/session/test_api_session.py:26: in test_sessions_list_includes_new_session
    client.post("/session/start", json={"session_id": "list-test-1", "driver": "a"})
../../../.pixi/envs/python/lib/python3.14/site-packages/werkzeug/test.py:1167: in post
    return self.open(*args, **kw)
           ^^^^^^^^^^^^^^^^^^^^^^
../../../.pixi/envs/python/lib/python3.14/site-packages/flask/testing.py:235: in open
    response = super().open(
../../../.pixi/envs/python/lib/python3.14/site-packages/werkzeug/test.py:1116: in open
    response_parts = self.run_wsgi_app(request.environ, buffered=buffered)
                     ^^^^^^^^^^^^^^^^^^^^^^^^^^^^^^^^^^^^^^^^^^^^^^^^^^^^^
../../../.pixi/envs/python/lib/python3.14/site-packages/werkzeug/test.py:988: in run_wsgi_app
    rv = run_wsgi_app(self.application, environ, buffered=buffered)
         ^^^^^^^^^^^^^^^^^^^^^^^^^^^^^^^^^^^^^^^^^^^^^^^^^^^^^^^^^^
../../../.pixi/envs/python/lib/python3.14/site-packages/werkzeug/test.py:1264: in run_wsgi_app
    app_rv = app(environ, start_response)
             ^^^^^^^^^^^^^^^^^^^^^^^^^^^^
../../../.pixi/envs/python/lib/python3.14/site-packages/flask/app.py:1536: in __call__
    return self.wsgi_app(environ, start_response)
           ^^^^^^^^^^^^^^^^^^^^^^^^^^^^^^^^^^^^^^
../../../.pixi/envs/python/lib/python3.14/site-packages/flask/app.py:1514: in wsgi_app
    response = self.handle_exception(e)
               ^^^^^^^^^^^^^^^^^^^^^^^^
../../../.pixi/envs/python/lib/python3.14/site-packages/flask_cors/extension.py:176: in wrapped_function
    return cors_after_request(app.make_response(f(*args, **kwargs)))
                                                ^^^^^^^^^^^^^^^^^^
../../../.pixi/envs/python/lib/python3.14/site-packages/flask/app.py:1511: in wsgi_app
    response = self.full_dispatch_request()
               ^^^^^^^^^^^^^^^^^^^^^^^^^^^^
../../../.pixi/envs/python/lib/python3.14/site-packages/flask/app.py:919: in full_dispatch_request
    rv = self.handle_user_exception(e)
         ^^^^^^^^^^^^^^^^^^^^^^^^^^^^^
../../../.pixi/envs/python/lib/python3.14/site-packages/flask_cors/extension.py:176: in wrapped_function
    return cors_after_request(app.make_response(f(*args, **kwargs)))
                                                ^^^^^^^^^^^^^^^^^^
../../../.pixi/envs/python/lib/python3.14/site-packages/flask/app.py:917: in full_dispatch_request
    rv = self.dispatch_request()
         ^^^^^^^^^^^^^^^^^^^^^^^
../../../.pixi/envs/python/lib/python3.14/site-packages/flask/app.py:902: in dispatch_request
    return self.ensure_sync(self.view_functions[rule.endpoint])(**view_args)  # type: ignore[no-any-return]
           ^^^^^^^^^^^^^^^^^^^^^^^^^^^^^^^^^^^^^^^^^^^^^^^^^^^^^^^^^^^^^^^^^
src/pitwall/features/session/bp_session.py:366: in session_start
    state.reset_adk_session(driver_id)
E   TypeError: 'NoneType' object is not callable
________________ test_session_detail_returns_session_laps_notes ________________
tests/features/session/test_api_session.py:63: in test_session_detail_returns_session_laps_notes
    client.post("/session/start", json={"session_id": sid, "driver": "d", "track": "Sonoma Raceway"})
../../../.pixi/envs/python/lib/python3.14/site-packages/werkzeug/test.py:1167: in post
    return self.open(*args, **kw)
           ^^^^^^^^^^^^^^^^^^^^^^
../../../.pixi/envs/python/lib/python3.14/site-packages/flask/testing.py:235: in open
    response = super().open(
../../../.pixi/envs/python/lib/python3.14/site-packages/werkzeug/test.py:1116: in open
    response_parts = self.run_wsgi_app(request.environ, buffered=buffered)
                     ^^^^^^^^^^^^^^^^^^^^^^^^^^^^^^^^^^^^^^^^^^^^^^^^^^^^^
../../../.pixi/envs/python/lib/python3.14/site-packages/werkzeug/test.py:988: in run_wsgi_app
    rv = run_wsgi_app(self.application, environ, buffered=buffered)
         ^^^^^^^^^^^^^^^^^^^^^^^^^^^^^^^^^^^^^^^^^^^^^^^^^^^^^^^^^^
../../../.pixi/envs/python/lib/python3.14/site-packages/werkzeug/test.py:1264: in run_wsgi_app
    app_rv = app(environ, start_response)
             ^^^^^^^^^^^^^^^^^^^^^^^^^^^^
../../../.pixi/envs/python/lib/python3.14/site-packages/flask/app.py:1536: in __call__
    return self.wsgi_app(environ, start_response)
           ^^^^^^^^^^^^^^^^^^^^^^^^^^^^^^^^^^^^^^
../../../.pixi/envs/python/lib/python3.14/site-packages/flask/app.py:1514: in wsgi_app
    response = self.handle_exception(e)
               ^^^^^^^^^^^^^^^^^^^^^^^^
../../../.pixi/envs/python/lib/python3.14/site-packages/flask_cors/extension.py:176: in wrapped_function
    return cors_after_request(app.make_response(f(*args, **kwargs)))
                                                ^^^^^^^^^^^^^^^^^^
../../../.pixi/envs/python/lib/python3.14/site-packages/flask/app.py:1511: in wsgi_app
    response = self.full_dispatch_request()
               ^^^^^^^^^^^^^^^^^^^^^^^^^^^^
../../../.pixi/envs/python/lib/python3.14/site-packages/flask/app.py:919: in full_dispatch_request
    rv = self.handle_user_exception(e)
         ^^^^^^^^^^^^^^^^^^^^^^^^^^^^^
../../../.pixi/envs/python/lib/python3.14/site-packages/flask_cors/extension.py:176: in wrapped_function
    return cors_after_request(app.make_response(f(*args, **kwargs)))
                                                ^^^^^^^^^^^^^^^^^^
../../../.pixi/envs/python/lib/python3.14/site-packages/flask/app.py:917: in full_dispatch_request
    rv = self.dispatch_request()
         ^^^^^^^^^^^^^^^^^^^^^^^
../../../.pixi/envs/python/lib/python3.14/site-packages/flask/app.py:902: in dispatch_request
    return self.ensure_sync(self.view_functions[rule.endpoint])(**view_args)  # type: ignore[no-any-return]
           ^^^^^^^^^^^^^^^^^^^^^^^^^^^^^^^^^^^^^^^^^^^^^^^^^^^^^^^^^^^^^^^^^
src/pitwall/features/session/bp_session.py:366: in session_start
    state.reset_adk_session(driver_id)
E   TypeError: 'NoneType' object is not callable
=============================== warnings summary ===============================
tests/features/coaching/test_adk.py::test_runner_drives_orchestrator_with_stub_model
  /Users/tahabsn/.pixi/envs/python/lib/python3.14/site-packages/authlib/_joserfc_helpers.py:8: AuthlibDeprecationWarning: authlib.jose module is deprecated, please use joserfc instead.
  It will be compatible before version 2.0.0.
    from authlib.jose import ECKey

tests/features/session/test_api_session.py::test_session_start_returns_id
tests/features/session/test_api_session.py::test_new_session_id_format
  /Users/tahabsn/Documents/GitHub/pitwall/src/pitwall/helpers.py:458: DeprecationWarning: datetime.datetime.utcnow() is deprecated and scheduled for removal in a future version. Use timezone-aware objects to represent datetimes in UTC: datetime.datetime.now(datetime.UTC).
    stamp = datetime.utcnow().strftime("%Y%m%d-%H%M%S")

tests/features/test_api_core.py::test_health_ok
  /Users/tahabsn/Documents/GitHub/pitwall/src/pitwall/features/bp_core.py:30: DeprecationWarning: datetime.datetime.utcnow() is deprecated and scheduled for removal in a future version. Use timezone-aware objects to represent datetimes in UTC: datetime.datetime.now(datetime.UTC).
    "timestamp": datetime.utcnow().isoformat(),

-- Docs: https://docs.pytest.org/en/stable/how-to/capture-warnings.html
=========================== short test summary info ============================
FAILED tests/features/session/test_api_session.py::test_session_start_returns_id
FAILED tests/features/session/test_api_session.py::test_session_start_accepts_custom_id
FAILED tests/features/session/test_api_session.py::test_sessions_list_includes_new_session
FAILED tests/features/session/test_api_session.py::test_session_detail_returns_session_laps_notes
================== 4 failed, 420 passed, 4 warnings in 56.10s ==================
